  action.cpp
  animation.cpp
  collision.cpp
  gameNode.cpp
e:\github\2019-win-api\finalproject\finalproject\gamenode.cpp(92): warning C4244: '=': 'float'에서 'LONG'(으)로 변환하면서 데이터가 손실될 수 있습니다.
e:\github\2019-win-api\finalproject\finalproject\gamenode.cpp(93): warning C4244: '=': 'float'에서 'LONG'(으)로 변환하면서 데이터가 손실될 수 있습니다.
e:\github\2019-win-api\finalproject\finalproject\gamenode.cpp(87): warning C4101: 'hdc' :참조되지 않은 지역 변수입니다.
e:\github\2019-win-api\finalproject\finalproject\gamenode.cpp(86): warning C4101: 'ps' :참조되지 않은 지역 변수입니다.
  image.cpp
e:\github\2019-win-api\finalproject\finalproject\image.cpp(339): warning C4244: '인수': 'float'에서 'int'(으)로 변환하면서 데이터가 손실될 수 있습니다.
e:\github\2019-win-api\finalproject\finalproject\image.cpp(338): warning C4244: '인수': 'float'에서 'int'(으)로 변환하면서 데이터가 손실될 수 있습니다.
e:\github\2019-win-api\finalproject\finalproject\image.cpp(351): warning C4244: '인수': 'float'에서 'int'(으)로 변환하면서 데이터가 손실될 수 있습니다.
e:\github\2019-win-api\finalproject\finalproject\image.cpp(491): warning C4244: '인수': 'float'에서 'int'(으)로 변환하면서 데이터가 손실될 수 있습니다.
e:\github\2019-win-api\finalproject\finalproject\image.cpp(495): warning C4244: '인수': 'float'에서 'int'(으)로 변환하면서 데이터가 손실될 수 있습니다.
e:\github\2019-win-api\finalproject\finalproject\image.cpp(500): warning C4244: '인수': 'float'에서 'int'(으)로 변환하면서 데이터가 손실될 수 있습니다.
  imageManager.cpp
  iniDataManager.cpp
e:\github\2019-win-api\finalproject\finalproject\inidatamanager.cpp(52): warning C4018: '<': signed 또는 unsigned가 일치하지 않습니다.
e:\github\2019-win-api\finalproject\finalproject\inidatamanager.cpp(46): warning C4996: 'sprintf': This function or variable may be unsafe. Consider using sprintf_s instead. To disable deprecation, use _CRT_SECURE_NO_WARNINGS. See online help for details.
  c:\program files (x86)\windows kits\10\include\10.0.17763.0\ucrt\stdio.h(1774): note: 'sprintf' 선언을 참조하십시오.
e:\github\2019-win-api\finalproject\finalproject\inidatamanager.cpp(71): warning C4996: 'sprintf': This function or variable may be unsafe. Consider using sprintf_s instead. To disable deprecation, use _CRT_SECURE_NO_WARNINGS. See online help for details.
  c:\program files (x86)\windows kits\10\include\10.0.17763.0\ucrt\stdio.h(1774): note: 'sprintf' 선언을 참조하십시오.
e:\github\2019-win-api\finalproject\finalproject\inidatamanager.cpp(89): warning C4996: 'sprintf': This function or variable may be unsafe. Consider using sprintf_s instead. To disable deprecation, use _CRT_SECURE_NO_WARNINGS. See online help for details.
  c:\program files (x86)\windows kits\10\include\10.0.17763.0\ucrt\stdio.h(1774): note: 'sprintf' 선언을 참조하십시오.
  keyAniManager.cpp
  keyManager.cpp
  mainGame.cpp
  progressBar.cpp
e:\github\2019-win-api\finalproject\finalproject\progressbar.cpp(22): warning C4244: '인수': 'int'에서 'float'(으)로 변환하면서 데이터가 손실될 수 있습니다.
e:\github\2019-win-api\finalproject\finalproject\progressbar.cpp(25): warning C4244: '인수': 'int'에서 'float'(으)로 변환하면서 데이터가 손실될 수 있습니다.
e:\github\2019-win-api\finalproject\finalproject\progressbar.cpp(33): warning C4244: '=': 'int'에서 'float'(으)로 변환하면서 데이터가 손실될 수 있습니다.
e:\github\2019-win-api\finalproject\finalproject\progressbar.cpp(59): warning C4244: '인수': 'float'에서 'int'(으)로 변환하면서 데이터가 손실될 수 있습니다.
  sceneManager.cpp
  soundManager.cpp
  stdafx.cpp
  timeManager.cpp
  timer.cpp
  utils.cpp
  winMain.cpp
  코드를 생성하고 있습니다...
e:\github\2019-win-api\finalproject\finalproject\inidatamanager.cpp(79): warning C4172: 지역 변수 또는 임시: data의 주소를 반환하고 있습니다.
  finalProject.vcxproj -> E:\GitHub\2019-WIN-API\finalProject\Debug\finalProject.exe
