  enemyManger.cpp
d:\2019-win-api\finalproject\finalproject\stdafx.h(71): warning C4244: '초기화 중': 'int'에서 'float'(으)로 변환하면서 데이터가 손실될 수 있습니다.
d:\2019-win-api\finalproject\finalproject\stdafx.h(79): warning C4244: '=': 'LONG'에서 'float'(으)로 변환하면서 데이터가 손실될 수 있습니다.
d:\2019-win-api\finalproject\finalproject\stdafx.h(80): warning C4244: '=': 'LONG'에서 'float'(으)로 변환하면서 데이터가 손실될 수 있습니다.
d:\2019-win-api\finalproject\finalproject\boss.h(64): warning C4244: '+=': 'float'에서 'int'(으)로 변환하면서 데이터가 손실될 수 있습니다.
d:\2019-win-api\finalproject\finalproject\playernode.h(65): warning C4244: 'return': 'float'에서 'int'(으)로 변환하면서 데이터가 손실될 수 있습니다.
d:\2019-win-api\finalproject\finalproject\enemymanger.cpp(89): warning C4018: '<': signed 또는 unsigned가 일치하지 않습니다.
d:\2019-win-api\finalproject\finalproject\enemymanger.cpp(96): warning C4018: '<': signed 또는 unsigned가 일치하지 않습니다.
d:\2019-win-api\finalproject\finalproject\enemymanger.cpp(103): warning C4018: '<': signed 또는 unsigned가 일치하지 않습니다.
d:\2019-win-api\finalproject\finalproject\enemymanger.cpp(115): warning C4244: '인수': 'float'에서 'int'(으)로 변환하면서 데이터가 손실될 수 있습니다.
d:\2019-win-api\finalproject\finalproject\enemymanger.cpp(130): warning C4018: '<': signed 또는 unsigned가 일치하지 않습니다.
d:\2019-win-api\finalproject\finalproject\enemymanger.cpp(163): warning C4018: '<': signed 또는 unsigned가 일치하지 않습니다.
d:\2019-win-api\finalproject\finalproject\enemymanger.cpp(169): warning C4244: '초기화 중': 'float'에서 'int'(으)로 변환하면서 데이터가 손실될 수 있습니다.
d:\2019-win-api\finalproject\finalproject\enemymanger.cpp(170): warning C4244: '초기화 중': 'float'에서 'int'(으)로 변환하면서 데이터가 손실될 수 있습니다.
d:\2019-win-api\finalproject\finalproject\enemymanger.cpp(186): warning C4244: '초기화 중': 'float'에서 'int'(으)로 변환하면서 데이터가 손실될 수 있습니다.
d:\2019-win-api\finalproject\finalproject\enemymanger.cpp(187): warning C4244: '초기화 중': 'float'에서 'int'(으)로 변환하면서 데이터가 손실될 수 있습니다.
d:\2019-win-api\finalproject\finalproject\enemymanger.cpp(202): warning C4018: '<': signed 또는 unsigned가 일치하지 않습니다.
d:\2019-win-api\finalproject\finalproject\enemymanger.cpp(203): warning C4244: '초기화 중': 'float'에서 'int'(으)로 변환하면서 데이터가 손실될 수 있습니다.
d:\2019-win-api\finalproject\finalproject\enemymanger.cpp(204): warning C4244: '초기화 중': 'float'에서 'int'(으)로 변환하면서 데이터가 손실될 수 있습니다.
d:\2019-win-api\finalproject\finalproject\enemymanger.cpp(212): warning C4018: '<': signed 또는 unsigned가 일치하지 않습니다.
d:\2019-win-api\finalproject\finalproject\enemymanger.cpp(216): warning C4018: '<': signed 또는 unsigned가 일치하지 않습니다.
d:\2019-win-api\finalproject\finalproject\enemymanger.cpp(220): warning C4018: '<': signed 또는 unsigned가 일치하지 않습니다.
d:\2019-win-api\finalproject\finalproject\enemymanger.cpp(226): warning C4018: '<': signed 또는 unsigned가 일치하지 않습니다.
d:\2019-win-api\finalproject\finalproject\enemymanger.cpp(242): warning C4018: '<': signed 또는 unsigned가 일치하지 않습니다.
d:\2019-win-api\finalproject\finalproject\enemymanger.cpp(251): warning C4018: '<': signed 또는 unsigned가 일치하지 않습니다.
d:\2019-win-api\finalproject\finalproject\enemymanger.cpp(254): warning C4018: '<': signed 또는 unsigned가 일치하지 않습니다.
  코드를 생성하고 있습니다.
  2 of 1054 functions ( 0.2%) were compiled, the rest were copied from previous compilation.
    0 functions were new in current compilation
    0 functions had inline decision re-evaluated but remain unchanged
  코드를 생성했습니다.
  finalProject.vcxproj -> D:\2019-WIN-API\finalProject\Release\finalProject.exe
