e:\github\2019-win-api\finalproject\finalproject\release\vc141.pdb
e:\github\2019-win-api\finalproject\finalproject\release\keymanager.obj
e:\github\2019-win-api\finalproject\finalproject\release\itembox.obj
e:\github\2019-win-api\finalproject\finalproject\release\imagemanager.obj
e:\github\2019-win-api\finalproject\finalproject\release\image.obj
e:\github\2019-win-api\finalproject\finalproject\release\greyturtle.obj
e:\github\2019-win-api\finalproject\finalproject\release\greyshell.obj
e:\github\2019-win-api\finalproject\finalproject\release\greenturtle.obj
e:\github\2019-win-api\finalproject\finalproject\release\greenshell.obj
e:\github\2019-win-api\finalproject\finalproject\release\goomba.obj
e:\github\2019-win-api\finalproject\finalproject\release\goal.obj
e:\github\2019-win-api\finalproject\finalproject\release\gamenode.obj
e:\github\2019-win-api\finalproject\finalproject\release\flag.obj
e:\github\2019-win-api\finalproject\finalproject\release\fireshot.obj
e:\github\2019-win-api\finalproject\finalproject\release\firanhaflower.obj
e:\github\2019-win-api\finalproject\finalproject\release\enemynode.obj
e:\github\2019-win-api\finalproject\finalproject\release\collision.obj
e:\github\2019-win-api\finalproject\finalproject\release\coin.obj
e:\github\2019-win-api\finalproject\finalproject\release\boss.obj
e:\github\2019-win-api\finalproject\finalproject\release\block.obj
e:\github\2019-win-api\finalproject\finalproject\release\winmain.obj
e:\github\2019-win-api\finalproject\finalproject\release\utils.obj
e:\github\2019-win-api\finalproject\finalproject\release\title.obj
e:\github\2019-win-api\finalproject\finalproject\release\timer.obj
e:\github\2019-win-api\finalproject\finalproject\release\timemanager.obj
e:\github\2019-win-api\finalproject\finalproject\release\switcher.obj
e:\github\2019-win-api\finalproject\finalproject\release\supermuchroom.obj
e:\github\2019-win-api\finalproject\finalproject\release\stdafx.obj
e:\github\2019-win-api\finalproject\finalproject\release\stage2.obj
e:\github\2019-win-api\finalproject\finalproject\release\stage1.obj
e:\github\2019-win-api\finalproject\finalproject\release\soundmanager.obj
e:\github\2019-win-api\finalproject\finalproject\release\scenemanager.obj
e:\github\2019-win-api\finalproject\finalproject\release\playernode.obj
e:\github\2019-win-api\finalproject\finalproject\release\objectnode.obj
e:\github\2019-win-api\finalproject\finalproject\release\mario.obj
e:\github\2019-win-api\finalproject\finalproject\release\maptool.obj
e:\github\2019-win-api\finalproject\finalproject\release\maingame.obj
e:\github\2019-win-api\finalproject\finalproject\release\luigi.obj
e:\github\2019-win-api\finalproject\finalproject\release\finalproject.tlog\cl.command.1.tlog
e:\github\2019-win-api\finalproject\finalproject\release\finalproject.tlog\cl.read.1.tlog
e:\github\2019-win-api\finalproject\finalproject\release\finalproject.tlog\cl.write.1.tlog
